2022-05-06T17:16:48.596Z [INFO   ]: Server running on PORT 8000
2022-05-06T17:18:45.510Z [INFO   ]: Server running on PORT 8000
2022-05-06T17:19:11.147Z [INFO   ]: [object Object]
2022-05-06T17:19:52.311Z [INFO   ]: Server running on PORT 8000
2022-05-06T17:19:55.338Z [INFO   ]: [object Object]
2022-05-06T17:20:18.494Z [INFO   ]: Server running on PORT 8000
2022-05-06T17:20:21.541Z [INFO   ]: undefined
2022-05-06T17:20:42.271Z [INFO   ]: Server running on PORT 8000
2022-05-06T17:20:45.097Z [INFO   ]: Lao Brewery Co.,Ltd.
2022-05-06T17:21:26.461Z [INFO   ]: Server running on PORT 8000
2022-05-06T17:21:30.569Z [INFO   ]: Lao Brewery Co.,Ltd.
2022-05-06T17:22:57.504Z [INFO   ]: Server running on PORT 8000
2022-05-06T17:23:01.885Z [INFO   ]: 1
2022-05-06T17:23:01.885Z [INFO   ]: Lao Brewery Co.,Ltd.
2022-05-06T17:23:01.885Z [INFO   ]: +856-21-812001
2022-05-06T17:23:01.885Z [INFO   ]: https://www.beerlao.la
2022-05-06T17:23:01.886Z [INFO   ]: Thadeua
2022-05-06T17:23:01.886Z [INFO   ]: Hatsayfong District
2022-05-06T17:23:01.886Z [INFO   ]: Vientiane LAO P.D.R. P.O.BOX 1016
2022-05-06T17:23:01.886Z [INFO   ]: Km.12 Thadeua Road
2022-05-06T17:23:01.886Z [INFO   ]: icon beer lao
2022-05-06T17:23:01.886Z [INFO   ]: 7
2022-05-06T17:23:01.886Z [INFO   ]: Node JS
2022-05-06T17:23:49.871Z [INFO   ]: Server running on PORT 8000
2022-05-06T17:23:52.435Z [INFO   ]: sup_id: 
2022-05-06T17:23:52.435Z [INFO   ]: Lao Brewery Co.,Ltd.
2022-05-06T17:23:52.436Z [INFO   ]: +856-21-812001
2022-05-06T17:23:52.436Z [INFO   ]: https://www.beerlao.la
2022-05-06T17:23:52.436Z [INFO   ]: Thadeua
2022-05-06T17:23:52.436Z [INFO   ]: Hatsayfong District
2022-05-06T17:23:52.436Z [INFO   ]: Vientiane LAO P.D.R. P.O.BOX 1016
2022-05-06T17:23:52.436Z [INFO   ]: Km.12 Thadeua Road
2022-05-06T17:23:52.436Z [INFO   ]: icon beer lao
2022-05-06T17:23:52.437Z [INFO   ]: 7
2022-05-06T17:23:52.437Z [INFO   ]: Node JS
2022-05-06T17:24:08.473Z [INFO   ]: Server running on PORT 8000
2022-05-06T17:32:07.571Z [INFO   ]: Server running on PORT 8000
2022-05-06T17:32:11.030Z [INFO   ]: 1
2022-05-06T17:32:11.030Z [INFO   ]: Lao Brewery Co.,Ltd.
2022-05-06T17:32:11.031Z [INFO   ]: +856-21-812001
2022-05-06T17:32:11.031Z [INFO   ]: https://www.beerlao.la
2022-05-06T17:32:11.031Z [INFO   ]: Thadeua
2022-05-06T17:32:11.031Z [INFO   ]: Hatsayfong District
2022-05-06T17:32:11.031Z [INFO   ]: Vientiane LAO P.D.R. P.O.BOX 1016
2022-05-06T17:32:11.031Z [INFO   ]: Km.12 Thadeua Road
2022-05-06T17:32:11.031Z [INFO   ]: icon beer lao
2022-05-06T17:32:11.031Z [INFO   ]: 7
2022-05-06T17:32:11.032Z [INFO   ]: Node JS
2022-05-06T17:32:11.032Z [INFO   ]: -----------------------
2022-05-26T10:30:36.894Z [INFO   ]: Server running on PORT 8000
2022-05-31T08:36:27.843Z [INFO   ]: Server running on PORT 8000
2022-06-01T14:21:07.006Z [INFO   ]: Server running on PORT 8000
2022-06-04T16:06:57.502Z [INFO   ]: Server running on PORT 8000
2022-06-18T04:32:04.728Z [INFO   ]: Server running on PORT 8000
2022-06-18T04:34:38.556Z [INFO   ]: Server running on PORT 8000
2022-06-18T04:38:39.783Z [INFO   ]: Server running on PORT 8000
2022-06-21T15:19:21.235Z [INFO   ]: Server running on PORT 8000
2022-07-01T15:45:38.490Z [INFO   ]: Server running on PORT 8000
2022-07-04T04:22:30.042Z [INFO   ]: Server running on PORT 8000
2022-07-04T13:29:00.894Z [INFO   ]: Server running on PORT 8000
2022-07-05T07:22:02.911Z [INFO   ]: Server running on PORT 8000
2022-07-06T01:29:41.710Z [INFO   ]: Server running on PORT 8000
2022-07-12T11:30:07.931Z [INFO   ]: Server running on PORT 8000
2022-07-13T15:10:44.616Z [INFO   ]: Server running on PORT 8000
2022-07-15T14:56:25.084Z [INFO   ]: Server running on PORT 8000
2022-07-20T15:58:42.923Z [INFO   ]: Server running on PORT 8000
2022-07-20T15:59:12.205Z [INFO   ]: Server running on PORT 8000
2022-07-23T02:39:12.167Z [INFO   ]: Server running on PORT 8000
2022-07-26T04:44:25.166Z [INFO   ]: Server running on PORT 8000
2022-07-26T04:48:49.633Z [INFO   ]: Server running on PORT 8000
2022-07-26T04:49:50.676Z [INFO   ]: Server running on PORT 8000
2022-07-26T04:49:59.855Z [INFO   ]: Server running on PORT 8000
2022-07-26T05:02:09.300Z [INFO   ]: Server running on PORT 8000
2022-07-26T05:02:10.322Z [INFO   ]: Server running on PORT 8000
2022-07-26T05:04:51.741Z [INFO   ]: Server running on PORT 8000
2022-07-26T05:05:05.805Z [INFO   ]: Server running on PORT 8000
2022-07-26T05:29:26.570Z [INFO   ]: Server running on PORT 8000
2022-07-26T05:33:15.282Z [INFO   ]: Server running on PORT 8000
2022-07-26T05:33:46.435Z [INFO   ]: Server running on PORT 8000
2022-07-26T05:34:08.131Z [INFO   ]: Server running on PORT 8000
2022-07-26T05:41:14.141Z [INFO   ]: Server running on PORT 8000
2022-07-26T05:41:28.559Z [INFO   ]: Server running on PORT 8000
2022-07-26T05:43:35.801Z [INFO   ]: Server running on PORT 8000
2022-07-26T05:45:11.451Z [INFO   ]: Server running on PORT 8000
2022-07-26T05:45:46.101Z [INFO   ]: Server running on PORT 8000
2022-07-26T05:47:03.963Z [INFO   ]: Server running on PORT 8000
2022-07-26T05:47:24.171Z [INFO   ]: Server running on PORT 8000
2022-07-26T05:55:22.300Z [INFO   ]: Server running on PORT 8000
2022-07-26T05:56:46.830Z [INFO   ]: Server running on PORT 8000
2022-07-26T05:56:57.648Z [INFO   ]: Server running on PORT 8000
2022-07-26T05:58:09.341Z [INFO   ]: Server running on PORT 8000
2022-07-26T05:58:59.678Z [INFO   ]: Server running on PORT 8000
2022-07-26T06:02:59.638Z [INFO   ]: Server running on PORT 8000
2022-07-26T06:03:43.014Z [INFO   ]: Server running on PORT 8000
2022-07-26T06:04:14.332Z [INFO   ]: Server running on PORT 8000
2022-07-26T06:05:08.188Z [INFO   ]: Server running on PORT 8000
2022-07-26T06:05:31.059Z [INFO   ]: Server running on PORT 8000
2022-07-26T06:07:17.926Z [INFO   ]: Server running on PORT 8000
2022-07-26T06:25:41.113Z [INFO   ]: Server running on PORT 8000
2022-07-26T06:31:40.012Z [INFO   ]: Server running on PORT 8000
2022-07-26T06:33:08.730Z [INFO   ]: Server running on PORT 8000
2022-07-26T06:33:12.803Z [INFO   ]: Server running on PORT 8000
2022-07-26T06:44:49.467Z [INFO   ]: Server running on PORT 8000
2022-07-26T06:45:27.036Z [INFO   ]: Server running on PORT 8000
2022-07-26T06:50:52.423Z [INFO   ]: Server running on PORT 8000
2022-07-26T06:52:40.977Z [INFO   ]: Server running on PORT 8000
2022-07-26T06:53:32.529Z [INFO   ]: Server running on PORT 8000
2022-07-26T06:53:55.014Z [INFO   ]: Server running on PORT 8000
2022-07-26T07:14:06.808Z [INFO   ]: Server running on PORT 8000
2022-07-26T07:35:22.316Z [INFO   ]: Server running on PORT 8000
2022-07-26T08:19:22.176Z [INFO   ]: Server running on PORT 8000
2022-07-26T08:29:50.780Z [INFO   ]: Server running on PORT 8000
2022-07-26T08:30:14.710Z [INFO   ]: Server running on PORT 8000
2022-07-26T08:30:59.146Z [INFO   ]: Server running on PORT 8000
2022-07-26T08:31:21.808Z [INFO   ]: Server running on PORT 8000
2022-07-26T08:55:37.391Z [INFO   ]: Server running on PORT 8000
2022-07-26T09:03:06.950Z [INFO   ]: Server running on PORT 8000
2022-07-26T09:03:42.541Z [INFO   ]: Server running on PORT 8000
2022-07-26T09:04:39.673Z [INFO   ]: Server running on PORT 8000
2022-07-26T09:07:30.438Z [INFO   ]: Server running on PORT 8000
2022-07-26T09:08:51.456Z [INFO   ]: Server running on PORT 8000
2022-07-26T09:09:25.920Z [INFO   ]: Server running on PORT 8000
2022-07-26T09:11:14.164Z [INFO   ]: Server running on PORT 8000
2022-07-26T09:11:52.013Z [INFO   ]: Server running on PORT 8000
2022-07-26T09:12:10.729Z [INFO   ]: Server running on PORT 8000
2022-07-26T10:35:38.533Z [INFO   ]: Server running on PORT 8000
2022-07-26T11:55:17.555Z [INFO   ]: Server running on PORT 8000
2022-07-26T11:57:35.205Z [INFO   ]: Server running on PORT 8000
2022-07-26T11:59:55.170Z [INFO   ]: Server running on PORT 8000
2022-07-26T12:00:36.713Z [INFO   ]: Server running on PORT 8000
2022-07-26T12:01:25.540Z [INFO   ]: Server running on PORT 8000
2022-07-26T12:29:35.057Z [INFO   ]: Server running on PORT 8000
2022-07-26T12:47:44.954Z [INFO   ]: Server running on PORT 8000
2022-07-26T12:48:26.936Z [INFO   ]: Server running on PORT 8000
2022-07-26T12:48:43.064Z [INFO   ]: Server running on PORT 8000
2022-07-26T12:48:56.845Z [INFO   ]: Server running on PORT 8000
2022-07-27T14:51:04.376Z [INFO   ]: Server running on PORT 8000
2022-07-27T14:51:08.884Z [INFO   ]: Server running on PORT 8000
2022-07-27T14:51:34.368Z [INFO   ]: Server running on PORT 8000
2022-07-27T14:55:02.737Z [INFO   ]: Server running on PORT 8000
2022-07-27T14:56:05.621Z [INFO   ]: Server running on PORT 8000
2022-07-27T14:56:25.500Z [INFO   ]: Server running on PORT 8000
2022-07-27T14:56:50.655Z [INFO   ]: Server running on PORT 8000
2022-07-27T14:57:37.703Z [INFO   ]: Server running on PORT 8000
2022-07-27T14:57:55.557Z [INFO   ]: Server running on PORT 8000
2022-07-27T14:57:58.559Z [INFO   ]: Server running on PORT 8000
2022-07-27T15:07:33.034Z [INFO   ]: Server running on PORT 8000
2022-07-27T15:12:38.000Z [INFO   ]: Server running on PORT 8000
2022-07-27T15:13:04.560Z [INFO   ]: Server running on PORT 8000
2022-07-27T15:13:26.293Z [INFO   ]: Server running on PORT 8000
2022-07-27T15:16:21.821Z [INFO   ]: Server running on PORT 8000
2022-07-27T15:17:07.772Z [INFO   ]: Server running on PORT 8000
2022-07-27T15:17:24.918Z [INFO   ]: Server running on PORT 8000
2022-07-27T15:17:34.150Z [INFO   ]: Server running on PORT 8000
2022-07-27T15:17:56.529Z [INFO   ]: Server running on PORT 8000
2022-07-27T15:18:31.617Z [INFO   ]: Server running on PORT 8000
2022-07-27T15:20:54.069Z [INFO   ]: Server running on PORT 8000
2022-07-27T15:20:58.493Z [INFO   ]: Server running on PORT 8000
2022-07-29T00:56:17.313Z [INFO   ]: Server running on PORT 8000
2022-07-29T03:55:15.336Z [INFO   ]: Server running on PORT 8000
2022-07-29T06:28:45.999Z [INFO   ]: Server running on PORT 8000
2022-07-29T06:30:06.601Z [INFO   ]: Server running on PORT 8000
2022-07-30T01:22:13.023Z [INFO   ]: Server running on PORT 8000
2022-07-30T12:42:36.949Z [INFO   ]: Server running on PORT 8000
2022-07-30T12:43:15.939Z [INFO   ]: Server running on PORT 8000
2022-07-30T13:11:20.534Z [INFO   ]: Server running on PORT 8000
2022-07-30T13:12:49.548Z [INFO   ]: Server running on PORT 8000
2022-07-30T13:14:22.513Z [INFO   ]: Server running on PORT 8000
2022-07-30T17:28:44.217Z [INFO   ]: Server running on PORT 8000
2022-07-30T17:30:05.207Z [INFO   ]: Server running on PORT 8000
2022-07-31T03:00:49.438Z [INFO   ]: Server running on PORT 8000
2022-07-31T03:25:44.169Z [INFO   ]: Server running on PORT 8000
2022-07-31T03:29:47.457Z [INFO   ]: Server running on PORT 8000
2022-07-31T03:38:22.265Z [INFO   ]: Server running on PORT 8080
2022-07-31T03:39:23.255Z [INFO   ]: Server running on PORT 8088
2022-07-31T03:39:49.509Z [INFO   ]: Server running on PORT 81
2022-07-31T03:40:02.639Z [INFO   ]: Server running on PORT 81
2022-07-31T03:40:25.173Z [INFO   ]: Server running on PORT 81
2022-07-31T03:44:56.798Z [INFO   ]: Server running on PORT 81
2022-07-31T03:46:38.435Z [INFO   ]: Server running on PORT 81
2022-07-31T03:47:10.563Z [INFO   ]: Server running on PORT 81
2022-07-31T03:48:30.453Z [INFO   ]: Server running on PORT 81
2022-07-31T03:48:55.977Z [INFO   ]: Server running on PORT 81
2022-07-31T03:49:23.833Z [INFO   ]: Server running on PORT 81
2022-07-31T03:49:45.056Z [INFO   ]: Server running on PORT 81
2022-07-31T03:49:54.150Z [INFO   ]: Server running on PORT 81
2022-07-31T03:56:33.326Z [INFO   ]: Server running on PORT 81
2022-07-31T03:56:47.321Z [INFO   ]: Server running on PORT 81
2022-07-31T04:07:12.954Z [INFO   ]: Server running on PORT 81
2022-07-31T04:16:09.517Z [INFO   ]: Server running on PORT 81
2022-07-31T09:09:23.728Z [INFO   ]: Server running on PORT 81
2022-07-31T09:10:00.529Z [INFO   ]: Server running on PORT 81
2022-07-31T14:43:05.629Z [INFO   ]: Server running on PORT 81
2022-08-01T00:54:19.627Z [INFO   ]: Server running on PORT 81
2022-08-01T09:45:40.198Z [INFO   ]: Server running on PORT 81
2022-08-01T09:46:37.439Z [INFO   ]: Server running on PORT 81
2022-08-01T11:14:09.410Z [INFO   ]: Server running on PORT 81
2022-08-01T11:17:35.475Z [INFO   ]: Server running on PORT 81
2022-08-01T13:27:43.174Z [INFO   ]: Server running on PORT 81
2022-08-01T13:29:16.956Z [INFO   ]: Server running on PORT 81
2022-08-01T14:17:05.832Z [INFO   ]: Server running on PORT 81
2022-08-01T14:25:02.589Z [INFO   ]: Server running on PORT 81
2022-08-01T15:28:14.961Z [INFO   ]: Server running on PORT 81
2022-08-01T15:28:48.102Z [INFO   ]: Server running on PORT 81
2022-08-01T15:32:13.999Z [INFO   ]: Server running on PORT 81
2022-08-02T00:50:25.980Z [INFO   ]: Server running on PORT 81
2022-08-02T04:28:27.531Z [INFO   ]: Server running on PORT 81
2022-08-02T04:32:56.365Z [INFO   ]: Server running on PORT 81
2022-08-02T04:32:59.965Z [INFO   ]: Server running on PORT 81
2022-08-02T04:33:20.733Z [INFO   ]: Server running on PORT 81
2022-08-02T04:33:36.604Z [INFO   ]: Server running on PORT 81
2022-08-02T04:42:13.688Z [INFO   ]: Server running on PORT 81
2022-08-02T04:44:58.042Z [INFO   ]: Server running on PORT 81
2022-08-02T04:50:06.421Z [INFO   ]: Server running on PORT 81
2022-08-02T04:50:08.125Z [INFO   ]: Server running on PORT 81
2022-08-02T05:31:21.293Z [INFO   ]: Server running on PORT 81
2022-08-02T05:31:36.492Z [INFO   ]: Server running on PORT 81
2022-08-02T05:32:17.908Z [INFO   ]: Server running on PORT 81
2022-08-02T05:32:56.552Z [INFO   ]: Server running on PORT 81
2022-08-02T05:33:08.785Z [INFO   ]: Server running on PORT 81
2022-08-02T05:35:46.472Z [INFO   ]: Server running on PORT 81
2022-08-02T05:36:45.645Z [INFO   ]: Server running on PORT 81
2022-08-02T05:37:27.026Z [INFO   ]: Server running on PORT 81
2022-08-02T05:37:46.097Z [INFO   ]: Server running on PORT 81
2022-08-02T05:40:24.610Z [INFO   ]: Server running on PORT 81
2022-08-02T05:41:31.737Z [INFO   ]: Server running on PORT 81
2022-08-02T05:42:18.980Z [INFO   ]: Server running on PORT 81
2022-08-02T05:42:21.849Z [INFO   ]: Server running on PORT 81
2022-08-02T05:43:01.798Z [INFO   ]: Server running on PORT 81
2022-08-02T08:22:10.928Z [INFO   ]: Server running on PORT 81
2022-08-02T08:22:41.616Z [INFO   ]: Server running on PORT 81
2022-08-02T08:25:53.665Z [INFO   ]: Server running on PORT 81
2022-08-02T08:43:22.816Z [INFO   ]: Server running on PORT 81
2022-08-02T08:45:05.446Z [INFO   ]: Server running on PORT 81
2022-08-02T08:46:52.471Z [INFO   ]: Server running on PORT 81
2022-08-02T08:55:47.531Z [INFO   ]: Server running on PORT 81
2022-08-02T08:56:18.680Z [INFO   ]: Server running on PORT 81
2022-08-02T08:56:49.491Z [INFO   ]: Server running on PORT 81
2022-08-02T08:57:20.265Z [INFO   ]: Server running on PORT 81
2022-08-02T10:01:36.025Z [INFO   ]: Server running on PORT 81
2022-08-02T10:48:13.247Z [INFO   ]: Server running on PORT 81
2022-08-02T11:04:58.630Z [INFO   ]: Server running on PORT 81
2022-08-02T12:43:25.080Z [INFO   ]: Server running on PORT 81
2022-08-02T12:44:49.115Z [INFO   ]: Server running on PORT 81
2022-08-02T12:45:45.857Z [INFO   ]: Server running on PORT 81
2022-08-02T12:46:43.990Z [INFO   ]: Server running on PORT 81
2022-08-02T12:49:11.455Z [INFO   ]: Server running on PORT 81
2022-08-02T12:56:16.900Z [INFO   ]: Server running on PORT 81
2022-08-02T12:56:48.093Z [INFO   ]: Server running on PORT 81
2022-08-02T13:10:15.088Z [INFO   ]: Server running on PORT 81
2022-08-02T13:11:26.924Z [INFO   ]: Server running on PORT 81
2022-08-02T13:14:34.830Z [INFO   ]: Server running on PORT 81
2022-08-02T13:14:37.384Z [INFO   ]: Server running on PORT 81
2022-08-02T13:21:01.646Z [INFO   ]: Server running on PORT 81
2022-08-02T13:38:24.897Z [INFO   ]: Server running on PORT 81
2022-08-02T14:02:15.925Z [INFO   ]: Server running on PORT 81
2022-08-02T14:04:11.748Z [INFO   ]: Server running on PORT 81
2022-08-02T14:06:26.274Z [INFO   ]: Server running on PORT 81
2022-08-02T14:06:39.332Z [INFO   ]: Server running on PORT 81
2022-08-02T14:07:28.978Z [INFO   ]: Server running on PORT 81
2022-08-02T14:08:04.625Z [INFO   ]: Server running on PORT 81
2022-08-02T14:09:59.646Z [INFO   ]: Server running on PORT 81
2022-08-02T14:10:34.080Z [INFO   ]: Server running on PORT 81
2022-08-02T14:10:39.114Z [INFO   ]: Server running on PORT 81
2022-08-02T14:13:42.334Z [INFO   ]: Server running on PORT 81
2022-08-02T14:14:08.457Z [INFO   ]: Server running on PORT 81
2022-08-02T14:14:30.974Z [INFO   ]: Server running on PORT 81
2022-08-02T14:25:12.371Z [INFO   ]: Server running on PORT 81
2022-08-02T14:26:19.620Z [INFO   ]: Server running on PORT 81
2022-08-02T17:41:19.804Z [INFO   ]: Server running on PORT 81
2022-08-02T17:44:20.711Z [INFO   ]: Server running on PORT 81
2022-08-02T17:44:38.854Z [INFO   ]: Server running on PORT 81
2022-08-02T17:45:25.259Z [INFO   ]: Server running on PORT 81
2022-08-02T17:46:17.448Z [INFO   ]: Server running on PORT 81
2022-08-02T17:46:20.792Z [INFO   ]: Server running on PORT 81
2022-08-02T17:47:16.905Z [INFO   ]: Server running on PORT 81
2022-08-02T17:47:40.212Z [INFO   ]: Server running on PORT 81
2022-08-03T06:24:21.627Z [INFO   ]: Server running on PORT 81
2022-08-03T06:25:24.460Z [INFO   ]: Server running on PORT 81
2022-08-03T07:48:58.007Z [INFO   ]: Server running on PORT 81
2022-08-03T07:50:04.352Z [INFO   ]: Server running on PORT 81
2022-08-03T07:50:46.489Z [INFO   ]: Server running on PORT 81
2022-08-03T07:51:33.327Z [INFO   ]: Server running on PORT 81
2022-08-03T08:06:35.930Z [INFO   ]: Server running on PORT 81
2022-08-03T08:06:50.084Z [INFO   ]: Server running on PORT 81
2022-08-03T08:07:59.986Z [INFO   ]: Server running on PORT 81
2022-08-03T08:10:25.075Z [INFO   ]: Server running on PORT 81
2022-08-03T08:14:23.179Z [INFO   ]: Server running on PORT 81
2022-08-03T08:14:37.341Z [INFO   ]: Server running on PORT 81
2022-08-03T09:16:54.696Z [INFO   ]: Server running on PORT 81
2022-08-03T09:17:13.758Z [INFO   ]: Server running on PORT 81
2022-08-03T09:17:46.379Z [INFO   ]: Server running on PORT 81
2022-08-03T09:21:01.723Z [INFO   ]: Server running on PORT 81
2022-08-03T09:21:40.831Z [INFO   ]: Server running on PORT 81
2022-08-03T09:22:23.304Z [INFO   ]: Server running on PORT 81
2022-08-03T09:23:00.122Z [INFO   ]: Server running on PORT 81
2022-08-03T09:23:05.647Z [INFO   ]: Server running on PORT 81
2022-08-03T10:06:56.652Z [INFO   ]: Server running on PORT 81
2022-08-03T13:21:00.853Z [INFO   ]: Server running on PORT 81
2022-08-03T13:21:22.704Z [INFO   ]: Server running on PORT 81
2022-08-03T13:28:11.537Z [INFO   ]: Server running on PORT 81
2022-08-03T13:32:38.304Z [INFO   ]: Server running on PORT 81
2022-08-03T13:35:23.974Z [INFO   ]: Server running on PORT 81
2022-08-03T13:37:01.652Z [INFO   ]: Server running on PORT 81
2022-08-03T13:37:39.598Z [INFO   ]: Server running on PORT 81
2022-08-03T16:25:18.124Z [INFO   ]: Server running on PORT 81
2022-08-03T16:26:10.710Z [INFO   ]: Server running on PORT 81
2022-08-03T16:26:12.630Z [INFO   ]: Server running on PORT 81
2022-08-03T16:27:33.051Z [INFO   ]: Server running on PORT 81
2022-08-03T16:28:00.508Z [INFO   ]: Server running on PORT 81
2022-08-03T16:28:08.120Z [INFO   ]: Server running on PORT 81
2022-08-03T16:51:06.201Z [INFO   ]: Server running on PORT 81
2022-08-04T00:54:58.538Z [INFO   ]: Server running on PORT 81
2022-08-04T02:44:27.852Z [INFO   ]: Server running on PORT 81
2022-08-04T02:47:08.962Z [INFO   ]: Server running on PORT 81
2022-08-04T02:47:26.203Z [INFO   ]: Server running on PORT 81
2022-08-04T02:48:08.012Z [INFO   ]: Server running on PORT 81
2022-08-04T02:49:58.298Z [INFO   ]: Server running on PORT 81
2022-08-04T02:50:15.026Z [INFO   ]: Server running on PORT 81
2022-08-04T02:50:42.994Z [INFO   ]: Server running on PORT 81
2022-08-04T02:51:11.140Z [INFO   ]: Server running on PORT 81
2022-08-04T02:51:23.633Z [INFO   ]: Server running on PORT 81
2022-08-04T02:55:45.333Z [INFO   ]: Server running on PORT 81
2022-08-04T02:57:14.007Z [INFO   ]: Server running on PORT 81
2022-08-04T02:57:45.458Z [INFO   ]: Server running on PORT 81
2022-08-04T02:59:20.286Z [INFO   ]: Server running on PORT 81
2022-08-04T03:02:19.783Z [INFO   ]: Server running on PORT 81
2022-08-04T03:02:45.520Z [INFO   ]: Server running on PORT 81
2022-08-04T03:03:46.844Z [INFO   ]: Server running on PORT 81
2022-08-04T03:03:56.312Z [INFO   ]: Server running on PORT 81
2022-08-04T03:04:57.701Z [INFO   ]: Server running on PORT 81
2022-08-04T03:05:30.811Z [INFO   ]: Server running on PORT 81
2022-08-04T03:05:57.287Z [INFO   ]: Server running on PORT 81
2022-08-04T03:06:22.973Z [INFO   ]: Server running on PORT 81
2022-08-04T05:49:48.605Z [INFO   ]: Server running on PORT 81
2022-08-04T06:25:44.630Z [INFO   ]: Server running on PORT 81
2022-08-04T06:26:01.657Z [INFO   ]: Server running on PORT 81
2022-08-04T07:47:26.670Z [INFO   ]: Server running on PORT 81
2022-08-04T07:47:35.990Z [INFO   ]: Server running on PORT 81
2022-08-04T07:48:59.305Z [INFO   ]: Server running on PORT 81
2022-08-04T07:49:03.763Z [INFO   ]: Server running on PORT 81
2022-08-04T08:05:01.922Z [INFO   ]: Server running on PORT 81
2022-08-04T08:05:24.678Z [INFO   ]: Server running on PORT 81
2022-08-04T08:17:42.082Z [INFO   ]: Server running on PORT 81
2022-08-04T08:30:05.392Z [INFO   ]: Server running on PORT 81
2022-08-04T08:31:06.591Z [INFO   ]: Server running on PORT 81
2022-08-04T10:08:44.909Z [INFO   ]: Server running on PORT 81
2022-08-04T10:08:46.573Z [INFO   ]: Server running on PORT 81
2022-08-04T10:12:08.283Z [INFO   ]: Server running on PORT 81
2022-08-04T10:50:05.526Z [INFO   ]: Server running on PORT 81
2022-08-04T10:50:49.153Z [INFO   ]: Server running on PORT 81
2022-08-04T11:13:24.398Z [INFO   ]: Server running on PORT 81
2022-08-04T11:15:35.783Z [INFO   ]: Server running on PORT 81
2022-08-04T11:23:24.532Z [INFO   ]: Server running on PORT 81
2022-08-04T11:24:24.390Z [INFO   ]: Server running on PORT 81
2022-08-04T11:24:26.018Z [INFO   ]: Server running on PORT 81
2022-08-04T11:26:37.901Z [INFO   ]: Server running on PORT 81
2022-08-04T12:21:27.487Z [INFO   ]: Server running on PORT 81
2022-08-04T12:21:42.796Z [INFO   ]: Server running on PORT 81
2022-08-04T12:21:45.197Z [INFO   ]: Server running on PORT 81
2022-08-04T16:01:28.547Z [INFO   ]: Server running on PORT 81
2022-08-04T16:02:30.727Z [INFO   ]: Server running on PORT 81
2022-08-04T16:03:09.703Z [INFO   ]: Server running on PORT 81
2022-08-05T00:59:21.591Z [INFO   ]: Server running on PORT 81
2022-08-05T06:50:23.676Z [INFO   ]: Server running on PORT 81
2022-08-05T06:50:26.659Z [INFO   ]: Server running on PORT 81
2022-08-05T06:52:59.387Z [INFO   ]: Server running on PORT 81
2022-08-05T06:53:03.990Z [INFO   ]: Server running on PORT 81
2022-08-05T07:26:40.825Z [INFO   ]: Server running on PORT 81
2022-08-05T07:29:30.016Z [INFO   ]: Server running on PORT 81
2022-08-05T07:29:46.442Z [INFO   ]: Server running on PORT 81
2022-08-05T17:13:56.449Z [INFO   ]: Server running on PORT 81
2022-08-06T09:17:15.187Z [INFO   ]: Server running on PORT 81
2022-08-06T09:21:53.629Z [INFO   ]: Server running on PORT 81
2022-08-06T09:24:20.229Z [INFO   ]: Server running on PORT 81
2022-08-06T10:41:29.338Z [INFO   ]: Server running on PORT 81
2022-08-06T10:42:04.162Z [INFO   ]: Server running on PORT 81
2022-08-06T10:43:20.710Z [INFO   ]: Server running on PORT 81
2022-08-06T10:44:13.142Z [INFO   ]: Server running on PORT 81
2022-08-06T10:44:26.236Z [INFO   ]: Server running on PORT 81
2022-08-06T11:31:13.926Z [INFO   ]: Server running on PORT 81
2022-08-06T11:37:49.565Z [INFO   ]: Server running on PORT 81
2022-08-06T11:54:47.805Z [INFO   ]: Server running on PORT 81
2022-08-06T11:55:11.962Z [INFO   ]: Server running on PORT 81
2022-08-06T12:05:55.275Z [INFO   ]: Server running on PORT 81
2022-08-07T04:01:31.013Z [INFO   ]: Server running on PORT 81
2022-08-07T04:05:01.274Z [INFO   ]: Server running on PORT 81
2022-08-07T04:06:59.793Z [INFO   ]: Server running on PORT 81
2022-08-07T04:07:17.947Z [INFO   ]: Server running on PORT 81
2022-08-07T04:13:07.850Z [INFO   ]: Server running on PORT 81
2022-08-07T04:14:12.741Z [INFO   ]: Server running on PORT 81
2022-08-07T05:00:23.001Z [INFO   ]: Server running on PORT 81
2022-08-07T05:00:36.256Z [INFO   ]: Server running on PORT 81
2022-08-07T05:13:28.103Z [INFO   ]: Server running on PORT 81
2022-08-07T05:25:04.226Z [INFO   ]: Server running on PORT 81
2022-08-07T05:25:30.019Z [INFO   ]: Server running on PORT 81
2022-08-07T05:25:43.434Z [INFO   ]: Server running on PORT 81
2022-08-07T05:26:08.677Z [INFO   ]: Server running on PORT 81
2022-08-07T07:02:30.913Z [INFO   ]: Server running on PORT 81
2022-08-07T07:02:36.794Z [INFO   ]: Server running on PORT 81
2022-08-07T07:03:46.837Z [INFO   ]: Server running on PORT 81
2022-08-07T07:03:57.586Z [INFO   ]: Server running on PORT 81
2022-08-07T07:04:35.958Z [INFO   ]: Server running on PORT 81
2022-08-07T07:04:53.063Z [INFO   ]: Server running on PORT 81
2022-08-07T07:10:02.130Z [INFO   ]: Server running on PORT 81
2022-08-07T07:10:30.710Z [INFO   ]: Server running on PORT 81
2022-08-07T07:10:54.257Z [INFO   ]: Server running on PORT 81
2022-08-07T07:10:56.099Z [INFO   ]: Server running on PORT 81
2022-08-07T07:22:51.463Z [INFO   ]: Server running on PORT 81
2022-08-07T07:24:18.643Z [INFO   ]: Server running on PORT 81
2022-08-07T07:24:43.670Z [INFO   ]: Server running on PORT 81
2022-08-07T08:02:53.343Z [INFO   ]: Server running on PORT 81
2022-08-07T08:26:13.722Z [INFO   ]: Server running on PORT 81
2022-08-07T08:54:21.404Z [INFO   ]: Server running on PORT 81
2022-08-07T10:33:38.783Z [INFO   ]: Server running on PORT 81
2022-08-07T10:43:03.747Z [INFO   ]: Server running on PORT 81
2022-08-07T10:45:06.359Z [INFO   ]: Server running on PORT 81
2022-08-07T10:45:45.724Z [INFO   ]: Server running on PORT 81
2022-08-07T10:45:57.792Z [INFO   ]: Server running on PORT 81
2022-08-07T10:47:13.281Z [INFO   ]: Server running on PORT 81
2022-08-07T10:47:27.961Z [INFO   ]: Server running on PORT 81
2022-08-07T10:47:41.964Z [INFO   ]: Server running on PORT 81
2022-08-07T10:48:37.710Z [INFO   ]: Server running on PORT 81
2022-08-07T10:48:39.341Z [INFO   ]: Server running on PORT 81
2022-08-07T10:49:31.711Z [INFO   ]: Server running on PORT 81
2022-08-07T10:49:59.939Z [INFO   ]: Server running on PORT 81
2022-08-07T11:18:47.066Z [INFO   ]: Server running on PORT 81
2022-08-07T12:45:41.949Z [INFO   ]: Server running on PORT 81
2022-08-07T12:46:13.162Z [INFO   ]: Server running on PORT 81
2022-08-07T12:47:00.148Z [INFO   ]: Server running on PORT 81
2022-08-07T12:49:13.159Z [INFO   ]: Server running on PORT 81
2022-08-07T12:49:50.505Z [INFO   ]: Server running on PORT 81
2022-08-07T12:50:15.002Z [INFO   ]: Server running on PORT 81
2022-08-07T12:58:29.750Z [INFO   ]: Server running on PORT 81
2022-08-07T13:00:49.367Z [INFO   ]: Server running on PORT 81
2022-08-07T13:05:43.793Z [INFO   ]: Server running on PORT 81
2022-08-07T13:06:04.908Z [INFO   ]: Server running on PORT 81
2022-08-07T13:08:49.883Z [INFO   ]: Server running on PORT 81
2022-08-07T13:08:51.325Z [INFO   ]: Server running on PORT 81
2022-08-07T13:11:10.559Z [INFO   ]: Server running on PORT 81
2022-08-07T13:12:24.692Z [INFO   ]: Server running on PORT 81
2022-08-08T03:54:22.941Z [INFO   ]: Server running on PORT 81
2022-08-08T05:28:12.647Z [INFO   ]: Server running on PORT 81
2022-08-08T05:29:19.685Z [INFO   ]: Server running on PORT 81
2022-08-08T05:30:39.372Z [INFO   ]: Server running on PORT 81
2022-08-08T08:27:36.677Z [INFO   ]: Server running on PORT 81
2022-08-08T08:28:32.795Z [INFO   ]: Server running on PORT 81
2022-08-08T08:29:36.319Z [INFO   ]: Server running on PORT 81
2022-08-08T11:15:07.374Z [INFO   ]: Server running on PORT 81
2022-08-08T13:11:33.394Z [INFO   ]: Server running on PORT 81
2022-08-08T13:15:12.972Z [INFO   ]: Server running on PORT 81
2022-08-08T13:29:53.125Z [INFO   ]: Server running on PORT 81
2022-08-08T13:31:42.498Z [INFO   ]: Server running on PORT 81
2022-08-08T13:33:10.649Z [INFO   ]: Server running on PORT 81
2022-08-08T13:33:48.032Z [INFO   ]: Server running on PORT 81
2022-08-09T00:51:01.155Z [INFO   ]: Server running on PORT 81
2022-08-09T01:17:47.894Z [INFO   ]: Server running on PORT 81
2022-08-09T01:18:45.052Z [INFO   ]: Server running on PORT 81
2022-08-09T01:20:47.915Z [INFO   ]: Server running on PORT 81
2022-08-09T02:20:31.175Z [INFO   ]: Server running on PORT 81
2022-08-09T02:24:44.703Z [INFO   ]: Server running on PORT 81
2022-08-09T02:37:43.985Z [INFO   ]: Server running on PORT 81
2022-08-09T03:20:16.022Z [INFO   ]: Server running on PORT 81
2022-08-09T03:32:20.146Z [INFO   ]: Server running on PORT 81
2022-08-10T15:14:01.479Z [INFO   ]: Server running on PORT 81
2022-08-23T15:01:26.341Z [INFO   ]: Server running on PORT 81
2022-08-30T06:50:00.366Z [INFO   ]: Server running on PORT 81
2022-10-23T08:35:01.631Z [INFO   ]: Server running on PORT 81
2022-12-14T15:47:08.243Z [INFO   ]: Server running on PORT 81
2022-12-15T06:29:29.794Z [INFO   ]: Server running on PORT 81
2023-02-26T13:57:22.399Z [INFO   ]: Server running on PORT 81
2023-03-24T03:44:50.938Z [INFO   ]: Server running on PORT 81
2023-03-27T16:51:15.221Z [INFO   ]: Server running on PORT 81
2023-05-22T16:00:18.294Z [INFO   ]: Server running on PORT 81
2023-06-05T12:51:54.051Z [INFO   ]: Server running on PORT 81
2023-06-05T16:31:02.188Z [INFO   ]: Server running on PORT 81
2023-06-14T17:09:53.900Z [INFO   ]: Server running on PORT 81
2023-06-14T17:46:45.042Z [INFO   ]: Server running on PORT 81
2023-06-20T13:13:39.703Z [INFO   ]: Server running on PORT 81
2023-06-24T15:11:01.995Z [INFO   ]: Server running on PORT 81
2024-05-05T07:33:40.153Z [INFO   ]: Server running on PORT 81
2024-05-05T09:23:04.815Z [INFO   ]: Server running on PORT 81
2024-05-05T09:26:44.068Z [INFO   ]: Server running on PORT 81
2024-05-05T09:26:56.737Z [INFO   ]: Server running on PORT 81
2024-05-05T09:27:06.547Z [INFO   ]: Server running on PORT 81
2024-05-05T09:27:37.319Z [INFO   ]: Server running on PORT 81
2024-05-05T09:27:39.349Z [INFO   ]: Server running on PORT 81
2024-05-08T09:02:57.021Z [INFO   ]: Server running on PORT 81
2024-05-08T09:05:08.618Z [INFO   ]: Server running on PORT 81
2024-05-08T09:19:18.694Z [INFO   ]: Server running on PORT 81
2024-05-08T10:17:16.825Z [INFO   ]: Server running on PORT 81
2024-05-08T10:41:58.951Z [INFO   ]: Server running on PORT 81
2024-05-19T10:05:10.313Z [INFO   ]: Server running on PORT 81
2024-05-19T11:59:17.347Z [INFO   ]: Server running on PORT 81
2024-05-19T13:30:42.038Z [INFO   ]: Server running on PORT 81
2024-05-29T09:58:53.086Z [INFO   ]: Server running on PORT 81
2024-05-29T13:43:21.119Z [INFO   ]: Server running on PORT 81
2024-05-29T14:15:45.991Z [INFO   ]: Server running on PORT 81
2024-05-29T14:15:51.579Z [INFO   ]: Server running on PORT 81
2024-05-29T14:15:55.276Z [INFO   ]: Server running on PORT 81
2024-05-29T14:15:59.482Z [INFO   ]: Server running on PORT 81
2024-05-29T14:16:11.298Z [INFO   ]: Server running on PORT 81
2024-05-29T14:16:20.908Z [INFO   ]: Server running on PORT 81
2024-05-29T14:16:24.750Z [INFO   ]: Server running on PORT 81
2024-05-29T14:16:59.046Z [INFO   ]: Server running on PORT 81
2024-05-29T15:32:11.902Z [INFO   ]: Server running on PORT 81
2024-05-29T15:32:31.163Z [INFO   ]: Server running on PORT 81
2024-05-29T15:32:39.887Z [INFO   ]: Server running on PORT 81
2024-05-29T15:32:40.922Z [INFO   ]: Server running on PORT 81
2024-05-29T15:32:42.780Z [INFO   ]: Server running on PORT 81
2024-05-29T15:32:49.720Z [INFO   ]: Server running on PORT 81
2024-05-29T15:33:02.708Z [INFO   ]: Server running on PORT 81
2024-05-29T15:33:03.167Z [INFO   ]: Server running on PORT 81
2024-05-29T15:33:21.899Z [INFO   ]: Server running on PORT 81
2024-05-29T15:33:23.386Z [INFO   ]: Server running on PORT 81
2024-05-29T15:33:38.474Z [INFO   ]: Server running on PORT 81
2024-05-29T15:34:04.613Z [INFO   ]: Server running on PORT 81
2024-05-29T15:34:14.901Z [INFO   ]: Server running on PORT 81
2024-05-29T15:34:15.692Z [INFO   ]: Server running on PORT 81
2024-05-29T15:34:20.434Z [INFO   ]: Server running on PORT 81
2024-05-29T15:34:22.815Z [INFO   ]: Server running on PORT 81
2024-05-30T09:34:48.078Z [INFO   ]: Server running on PORT 81
2024-06-01T15:46:44.454Z [INFO   ]: Server running on PORT 81
2024-06-02T14:24:18.480Z [INFO   ]: Server running on PORT 81
2024-06-03T14:22:42.582Z [INFO   ]: Server running on PORT 81
2024-06-04T05:19:22.456Z [INFO   ]: Server running on PORT 81
2024-06-10T12:29:57.555Z [INFO   ]: Server running on PORT 81
2024-06-10T12:48:48.040Z [INFO   ]: Server running on PORT 81
2024-06-10T12:50:17.108Z [INFO   ]: Server running on PORT 81
2024-06-11T08:17:01.058Z [INFO   ]: Server running on PORT 81
2024-06-11T16:00:16.153Z [INFO   ]: Server running on PORT 81
2024-06-12T16:50:21.978Z [INFO   ]: Server running on PORT 81
2024-06-12T16:56:41.975Z [INFO   ]: Server running on PORT 81
2024-06-12T16:57:18.369Z [INFO   ]: Server running on PORT 81
2024-06-12T16:58:33.973Z [INFO   ]: Server running on PORT 81
2024-06-12T16:59:05.273Z [INFO   ]: Server running on PORT 81
2024-06-12T16:59:41.527Z [INFO   ]: Server running on PORT 81
2024-06-12T17:08:01.943Z [INFO   ]: Server running on PORT 81
2024-06-12T17:09:30.548Z [INFO   ]: Server running on PORT 81
2024-06-12T18:23:14.721Z [INFO   ]: Server running on PORT 81
2024-06-13T15:25:57.680Z [INFO   ]: Server running on PORT 81
2024-06-13T16:40:59.993Z [INFO   ]: Server running on PORT 81
2024-06-13T16:47:44.127Z [INFO   ]: Server running on PORT 81
2024-06-13T16:48:52.686Z [INFO   ]: Server running on PORT 81
2024-06-13T16:49:58.033Z [INFO   ]: Server running on PORT 81
2024-06-13T16:51:16.068Z [INFO   ]: Server running on PORT 81
2024-06-13T16:53:39.621Z [INFO   ]: Server running on PORT 81
2024-06-13T16:54:59.581Z [INFO   ]: Server running on PORT 81
2024-06-13T16:56:08.546Z [INFO   ]: Server running on PORT 81
2024-06-13T16:56:41.206Z [INFO   ]: Server running on PORT 81
2024-06-13T17:03:25.198Z [INFO   ]: Server running on PORT 81
2024-06-13T17:04:46.961Z [INFO   ]: Server running on PORT 81
2024-06-13T17:07:51.973Z [INFO   ]: Server running on PORT 81
2024-06-13T17:08:41.149Z [INFO   ]: Server running on PORT 81
2024-06-13T17:49:10.542Z [INFO   ]: Server running on PORT 81
2024-06-13T17:55:25.879Z [INFO   ]: Server running on PORT 81
2024-06-13T17:55:34.691Z [INFO   ]: Server running on PORT 81
2024-06-13T18:00:19.231Z [INFO   ]: Server running on PORT 81
2024-06-13T18:01:40.042Z [INFO   ]: Server running on PORT 81
2024-06-13T18:03:46.037Z [INFO   ]: Server running on PORT 81
2024-06-13T18:05:49.757Z [INFO   ]: Server running on PORT 81
2024-06-13T18:06:30.173Z [INFO   ]: Server running on PORT 81
2024-06-13T18:08:10.365Z [INFO   ]: Server running on PORT 81
2024-06-13T18:08:15.268Z [INFO   ]: Server running on PORT 81
2024-06-13T18:12:58.675Z [INFO   ]: Server running on PORT 81
2024-06-13T18:15:24.238Z [INFO   ]: Server running on PORT 81
2024-06-13T18:15:59.575Z [INFO   ]: Server running on PORT 81
2024-06-13T18:28:51.498Z [INFO   ]: Server running on PORT 81
2024-06-13T18:30:41.886Z [INFO   ]: Server running on PORT 81
2024-06-13T18:34:01.855Z [INFO   ]: Server running on PORT 81
2024-06-13T18:35:26.674Z [INFO   ]: Server running on PORT 81
2024-06-13T18:41:13.842Z [INFO   ]: Server running on PORT 81
2024-06-13T18:42:05.808Z [INFO   ]: Server running on PORT 81
2024-06-13T18:42:22.900Z [INFO   ]: Server running on PORT 81
2024-06-13T18:45:26.989Z [INFO   ]: Server running on PORT 81
2024-06-13T18:45:55.657Z [INFO   ]: Server running on PORT 81
2024-06-14T07:13:18.858Z [INFO   ]: Server running on PORT 81
2024-06-15T05:34:05.809Z [INFO   ]: Server running on PORT 81
2024-06-15T05:40:05.311Z [INFO   ]: Server running on PORT 81
2024-06-15T05:41:03.802Z [INFO   ]: Server running on PORT 81
2024-06-15T18:26:19.394Z [INFO   ]: Server running on PORT 81
2024-06-15T18:26:56.159Z [INFO   ]: Server running on PORT 81
2024-06-15T18:27:20.762Z [INFO   ]: Server running on PORT 81
2024-06-16T16:18:21.032Z [INFO   ]: Server running on PORT 81
2024-06-16T17:04:44.490Z [INFO   ]: Server running on PORT 81
2024-06-17T16:03:42.652Z [INFO   ]: Server running on PORT 81
2024-06-22T06:25:39.854Z [INFO   ]: Server running on PORT 81
2024-06-24T15:30:10.819Z [INFO   ]: Server running on PORT 81
2024-06-24T17:07:42.066Z [INFO   ]: Server running on PORT 81
2024-06-24T17:10:39.139Z [INFO   ]: Server running on PORT 81
2024-06-24T17:20:55.876Z [INFO   ]: Server running on PORT 81
2024-06-24T17:21:02.454Z [INFO   ]: Server running on PORT 81
2024-06-24T17:21:59.890Z [INFO   ]: Server running on PORT 81
2024-06-26T14:36:23.434Z [INFO   ]: Server running on PORT 81
2024-06-26T18:24:08.235Z [INFO   ]: Server running on PORT 81
2024-07-01T05:53:11.311Z [INFO   ]: Server running on PORT 81
2024-07-01T06:43:13.924Z [INFO   ]: Server running on PORT 81
2024-07-01T06:44:10.651Z [INFO   ]: Server running on PORT 81
2024-07-01T06:44:40.854Z [INFO   ]: Server running on PORT 81
2024-07-01T06:45:06.943Z [INFO   ]: Server running on PORT 81
2024-07-01T06:46:22.395Z [INFO   ]: Server running on PORT 81
2024-07-01T06:46:51.911Z [INFO   ]: Server running on PORT 81
2024-07-01T07:23:13.281Z [INFO   ]: Server running on PORT 81
2024-07-01T07:33:13.590Z [INFO   ]: Server running on PORT 81
2024-07-01T07:35:58.010Z [INFO   ]: Server running on PORT 81
2024-07-01T07:57:31.620Z [INFO   ]: Server running on PORT 81
2024-07-01T07:58:06.091Z [INFO   ]: Server running on PORT 81
2024-07-01T07:59:35.321Z [INFO   ]: Server running on PORT 81
2024-07-01T08:00:08.201Z [INFO   ]: Server running on PORT 81
2024-07-01T08:00:42.186Z [INFO   ]: Server running on PORT 81
2024-07-01T08:00:56.734Z [INFO   ]: Server running on PORT 81
2024-07-01T08:37:55.754Z [INFO   ]: Server running on PORT 81
2024-07-01T08:39:00.617Z [INFO   ]: Server running on PORT 81
2024-07-01T08:39:32.919Z [INFO   ]: Server running on PORT 81
2024-07-01T08:41:58.369Z [INFO   ]: Server running on PORT 81
2024-07-01T08:42:16.007Z [INFO   ]: Server running on PORT 81
2024-07-01T08:56:33.741Z [INFO   ]: Server running on PORT 81
2024-07-01T08:59:26.643Z [INFO   ]: Server running on PORT 81
2024-07-01T09:00:52.103Z [INFO   ]: Server running on PORT 81
2024-07-01T09:01:05.647Z [INFO   ]: Server running on PORT 81
2024-07-01T09:04:51.358Z [INFO   ]: Server running on PORT 81
2024-07-01T09:06:10.850Z [INFO   ]: Server running on PORT 81
2024-07-01T09:12:08.235Z [INFO   ]: Server running on PORT 81
2024-07-01T09:13:35.577Z [INFO   ]: Server running on PORT 81
2024-07-01T09:17:37.214Z [INFO   ]: Server running on PORT 81
2024-07-01T09:19:32.676Z [INFO   ]: Server running on PORT 81
2024-07-01T09:20:40.052Z [INFO   ]: Server running on PORT 81
2024-07-01T09:21:08.017Z [INFO   ]: Server running on PORT 81
2024-07-01T09:21:18.384Z [INFO   ]: Server running on PORT 81
2024-07-01T09:22:30.178Z [INFO   ]: Server running on PORT 81
2024-07-01T09:23:33.355Z [INFO   ]: Server running on PORT 81
2024-07-02T08:46:29.580Z [INFO   ]: Server running on PORT 81
2024-07-02T08:52:57.721Z [INFO   ]: Server running on PORT 81
2024-07-02T08:53:55.119Z [INFO   ]: Server running on PORT 81
2024-07-02T08:55:33.761Z [INFO   ]: Server running on PORT 81
2024-07-02T08:56:24.627Z [INFO   ]: Server running on PORT 81
2024-07-02T08:56:42.489Z [INFO   ]: Server running on PORT 81
2024-07-02T08:56:46.042Z [INFO   ]: Server running on PORT 81
2024-07-02T08:57:59.417Z [INFO   ]: Server running on PORT 81
2024-07-02T08:58:07.981Z [INFO   ]: Server running on PORT 81
2024-07-02T08:58:36.252Z [INFO   ]: Server running on PORT 81
2024-07-02T08:59:12.424Z [INFO   ]: Server running on PORT 81
2024-07-02T08:59:34.137Z [INFO   ]: Server running on PORT 81
2024-07-02T09:05:15.579Z [INFO   ]: Server running on PORT 81
2024-07-02T09:05:28.182Z [INFO   ]: Server running on PORT 81
2024-07-02T09:06:50.936Z [INFO   ]: Server running on PORT 81
2024-07-02T09:09:45.647Z [INFO   ]: Server running on PORT 81
2024-07-02T09:11:44.085Z [INFO   ]: Server running on PORT 81
2024-07-02T09:11:46.768Z [INFO   ]: Server running on PORT 81
2024-07-02T09:11:48.342Z [INFO   ]: Server running on PORT 81
2024-07-02T09:18:27.096Z [INFO   ]: Server running on PORT 81
2024-07-02T09:19:56.831Z [INFO   ]: Server running on PORT 81
2024-07-02T09:30:30.361Z [INFO   ]: Server running on PORT 81
2024-07-02T09:30:39.007Z [INFO   ]: Server running on PORT 81
2024-07-02T09:30:54.871Z [INFO   ]: Server running on PORT 81
2024-07-02T09:35:31.085Z [INFO   ]: Server running on PORT 81
2024-07-02T09:35:43.104Z [INFO   ]: Server running on PORT 81
2024-07-02T09:42:27.561Z [INFO   ]: Server running on PORT 81
2024-07-02T09:43:15.371Z [INFO   ]: Server running on PORT 81
2024-07-02T09:47:03.126Z [INFO   ]: Server running on PORT 81
2024-07-02T09:47:44.393Z [INFO   ]: Server running on PORT 81
2024-07-02T09:56:16.134Z [INFO   ]: Server running on PORT 81
2024-07-02T09:56:18.084Z [INFO   ]: Server running on PORT 81
2024-07-02T10:06:09.290Z [INFO   ]: Server running on PORT 81
2024-07-02T10:07:33.134Z [INFO   ]: Server running on PORT 81
2024-07-02T10:08:28.955Z [INFO   ]: Server running on PORT 81
2024-07-03T04:01:51.349Z [INFO   ]: Server running on PORT 81
2024-07-03T04:06:05.903Z [INFO   ]: Server running on PORT 81
2024-07-03T04:06:41.876Z [INFO   ]: Server running on PORT 81
2024-07-03T04:06:51.565Z [INFO   ]: Server running on PORT 81
2024-07-03T06:31:27.502Z [INFO   ]: Server running on PORT 81
2024-07-03T06:31:36.837Z [INFO   ]: Server running on PORT 81
2024-07-03T06:32:23.674Z [INFO   ]: Server running on PORT 81
2024-07-07T14:53:31.145Z [INFO   ]: Server running on PORT 81
2024-07-07T15:02:45.003Z [INFO   ]: Server running on PORT 81
2024-07-07T15:04:04.739Z [INFO   ]: Server running on PORT 81
2024-07-07T15:07:26.019Z [INFO   ]: Server running on PORT 81
2024-07-07T16:08:49.129Z [INFO   ]: Server running on PORT 81
2024-07-07T17:57:35.317Z [INFO   ]: Server running on PORT 81
2024-07-07T17:58:52.314Z [INFO   ]: Server running on PORT 81
2024-07-07T18:13:39.564Z [INFO   ]: Server running on PORT 81
2024-07-07T18:16:41.639Z [INFO   ]: Server running on PORT 81
2024-07-07T18:20:58.675Z [INFO   ]: Server running on PORT 81
2024-07-07T18:21:13.423Z [INFO   ]: Server running on PORT 81
2024-07-07T18:25:26.169Z [INFO   ]: Server running on PORT 81
2024-07-07T18:25:59.439Z [INFO   ]: Server running on PORT 81
2024-07-07T18:26:45.942Z [INFO   ]: Server running on PORT 81
2024-07-07T18:28:18.907Z [INFO   ]: Server running on PORT 81
2024-07-07T18:43:21.118Z [INFO   ]: Server running on PORT 81
2024-07-07T18:43:55.745Z [INFO   ]: Server running on PORT 81
2024-07-07T18:52:14.103Z [INFO   ]: Server running on PORT 81
2024-07-07T18:53:16.094Z [INFO   ]: Server running on PORT 81
2024-07-07T18:54:09.991Z [INFO   ]: Server running on PORT 81
2024-07-07T18:55:39.999Z [INFO   ]: Server running on PORT 81
2024-07-07T18:57:52.925Z [INFO   ]: Server running on PORT 81
2024-07-07T18:58:11.141Z [INFO   ]: Server running on PORT 81
2024-07-08T02:05:35.151Z [INFO   ]: Server running on PORT 81
2024-07-08T02:23:29.490Z [INFO   ]: Server running on PORT 81
2024-07-08T02:24:01.880Z [INFO   ]: Server running on PORT 81
2024-07-08T02:25:33.452Z [INFO   ]: Server running on PORT 81
2024-07-08T03:06:54.645Z [INFO   ]: Server running on PORT 81
2024-07-08T04:16:51.295Z [INFO   ]: Server running on PORT 81
2024-07-08T04:18:09.056Z [INFO   ]: Server running on PORT 81
2024-07-08T04:18:19.166Z [INFO   ]: Server running on PORT 81
2024-07-08T04:19:40.639Z [INFO   ]: Server running on PORT 81
2024-07-08T04:20:20.585Z [INFO   ]: Server running on PORT 81
2024-07-08T04:25:31.968Z [INFO   ]: Server running on PORT 81
2024-07-08T04:27:25.738Z [INFO   ]: Server running on PORT 81
2024-07-08T04:27:29.829Z [INFO   ]: Server running on PORT 81
2024-07-08T04:30:54.241Z [INFO   ]: Server running on PORT 81
2024-07-08T14:23:49.558Z [INFO   ]: Server running on PORT 81
2024-07-08T14:27:13.432Z [INFO   ]: Server running on PORT 81
2024-07-08T14:29:37.847Z [INFO   ]: Server running on PORT 81
2024-07-08T14:34:42.693Z [INFO   ]: Server running on PORT 81
2024-07-08T14:34:54.819Z [INFO   ]: Server running on PORT 81
2024-07-08T14:35:46.606Z [INFO   ]: Server running on PORT 81
2024-07-08T14:39:13.536Z [INFO   ]: Server running on PORT 81
2024-07-08T14:42:25.101Z [INFO   ]: Server running on PORT 81
2024-07-08T14:42:44.080Z [INFO   ]: Server running on PORT 81
2024-07-08T14:42:57.663Z [INFO   ]: Server running on PORT 81
2024-07-08T14:52:13.003Z [INFO   ]: Server running on PORT 81
2024-07-08T14:57:44.365Z [INFO   ]: Server running on PORT 81
2024-07-08T14:57:53.974Z [INFO   ]: Server running on PORT 81
2024-07-08T14:59:00.130Z [INFO   ]: Server running on PORT 81
2024-07-08T15:15:29.769Z [INFO   ]: Server running on PORT 81
2024-07-08T15:15:47.241Z [INFO   ]: Server running on PORT 81
2024-07-08T15:16:59.269Z [INFO   ]: Server running on PORT 81
2024-07-08T15:33:25.299Z [INFO   ]: Server running on PORT 81
2024-07-08T15:33:28.529Z [INFO   ]: Server running on PORT 81
2024-07-08T15:34:17.908Z [INFO   ]: Server running on PORT 81
2024-07-08T15:34:24.793Z [INFO   ]: Server running on PORT 81
2024-07-08T15:35:03.104Z [INFO   ]: Server running on PORT 81
2024-07-08T15:38:23.284Z [INFO   ]: Server running on PORT 81
2024-07-08T15:39:01.532Z [INFO   ]: Server running on PORT 81
2024-07-08T15:40:39.868Z [INFO   ]: Server running on PORT 81
2024-07-08T15:40:43.492Z [INFO   ]: Server running on PORT 81
2024-07-08T15:40:58.382Z [INFO   ]: Server running on PORT 81
2024-07-08T15:41:11.049Z [INFO   ]: Server running on PORT 81
2024-07-08T15:41:24.869Z [INFO   ]: Server running on PORT 81
2024-07-08T15:43:19.948Z [INFO   ]: Server running on PORT 81
2024-07-08T15:44:57.301Z [INFO   ]: Server running on PORT 81
2024-07-08T15:45:16.069Z [INFO   ]: Server running on PORT 81
2024-07-08T15:45:41.993Z [INFO   ]: Server running on PORT 81
2024-07-08T15:46:01.326Z [INFO   ]: Server running on PORT 81
2024-07-08T15:47:43.840Z [INFO   ]: Server running on PORT 81
2024-07-08T15:51:30.301Z [INFO   ]: Server running on PORT 81
2024-07-08T15:51:41.139Z [INFO   ]: Server running on PORT 81
2024-07-08T15:54:04.718Z [INFO   ]: Server running on PORT 81
2024-07-08T15:58:17.134Z [INFO   ]: Server running on PORT 81
2024-07-08T15:58:45.774Z [INFO   ]: Server running on PORT 81
2024-07-08T16:22:30.745Z [INFO   ]: Server running on PORT 81
2024-07-08T16:25:02.610Z [INFO   ]: Server running on PORT 81
2024-07-08T16:28:57.477Z [INFO   ]: Server running on PORT 81
2024-07-08T16:38:36.498Z [INFO   ]: Server running on PORT 81
2024-07-08T16:39:22.001Z [INFO   ]: Server running on PORT 81
2024-07-08T16:41:00.889Z [INFO   ]: Server running on PORT 81
2024-07-08T16:41:46.477Z [INFO   ]: Server running on PORT 81
2024-07-08T16:42:27.797Z [INFO   ]: Server running on PORT 81
2024-07-08T16:42:52.124Z [INFO   ]: Server running on PORT 81
2024-07-08T16:43:13.099Z [INFO   ]: Server running on PORT 81
2024-07-08T16:44:07.105Z [INFO   ]: Server running on PORT 81
2024-07-08T16:44:46.612Z [INFO   ]: Server running on PORT 81
2024-07-08T16:45:37.997Z [INFO   ]: Server running on PORT 81
2024-07-08T16:46:27.731Z [INFO   ]: Server running on PORT 81
2024-07-08T16:47:06.469Z [INFO   ]: Server running on PORT 81
2024-07-08T16:47:30.263Z [INFO   ]: Server running on PORT 81
2024-07-08T16:47:54.653Z [INFO   ]: Server running on PORT 81
2024-07-08T16:48:01.225Z [INFO   ]: Server running on PORT 81
2024-07-08T16:49:03.860Z [INFO   ]: Server running on PORT 81
2024-07-08T16:50:01.543Z [INFO   ]: Server running on PORT 81
2024-07-08T16:51:32.549Z [INFO   ]: Server running on PORT 81
2024-07-08T16:51:50.696Z [INFO   ]: Server running on PORT 81
2024-07-08T16:53:55.576Z [INFO   ]: Server running on PORT 81
2024-07-08T16:55:43.863Z [INFO   ]: Server running on PORT 81
2024-07-08T17:03:37.337Z [INFO   ]: Server running on PORT 81
2024-07-08T17:05:25.490Z [INFO   ]: Server running on PORT 81
2024-07-08T17:06:47.715Z [INFO   ]: Server running on PORT 81
2024-07-08T17:07:21.420Z [INFO   ]: Server running on PORT 81
2024-07-08T17:07:43.759Z [INFO   ]: Server running on PORT 81
2024-07-08T17:08:41.319Z [INFO   ]: Server running on PORT 81
2024-07-08T17:09:53.976Z [INFO   ]: Server running on PORT 81
2024-07-08T17:13:40.686Z [INFO   ]: Server running on PORT 81
2024-07-08T17:14:40.194Z [INFO   ]: Server running on PORT 81
2024-07-08T17:16:54.598Z [INFO   ]: Server running on PORT 81
2024-07-08T17:17:12.717Z [INFO   ]: Server running on PORT 81
2024-07-09T07:39:39.615Z [INFO   ]: Server running on PORT 81
2024-07-09T07:52:26.471Z [INFO   ]: Server running on PORT 81
2024-07-09T07:53:30.486Z [INFO   ]: Server running on PORT 81
2024-07-09T08:09:23.742Z [INFO   ]: Server running on PORT 81
2024-07-09T08:12:46.225Z [INFO   ]: Server running on PORT 81
2024-07-09T08:13:12.138Z [INFO   ]: Server running on PORT 81
2024-07-09T08:14:04.799Z [INFO   ]: Server running on PORT 81
2024-07-09T08:19:37.032Z [INFO   ]: Server running on PORT 81
2024-07-09T08:20:05.542Z [INFO   ]: Server running on PORT 81
2024-07-09T08:21:55.532Z [INFO   ]: Server running on PORT 81
2024-07-09T08:21:57.843Z [INFO   ]: Server running on PORT 81
2024-07-09T08:22:24.574Z [INFO   ]: Server running on PORT 81
2024-07-09T08:22:46.921Z [INFO   ]: Server running on PORT 81
2024-07-09T08:31:05.306Z [INFO   ]: Server running on PORT 81
2024-07-09T08:33:25.955Z [INFO   ]: Server running on PORT 81
2024-07-09T08:36:54.310Z [INFO   ]: Server running on PORT 81
2024-07-09T08:37:46.881Z [INFO   ]: Server running on PORT 81
2024-07-09T08:37:59.411Z [INFO   ]: Server running on PORT 81
2024-07-09T08:39:39.927Z [INFO   ]: Server running on PORT 81
2024-07-09T08:40:20.063Z [INFO   ]: Server running on PORT 81
2024-07-09T08:41:48.986Z [INFO   ]: Server running on PORT 81
2024-07-09T08:42:08.017Z [INFO   ]: Server running on PORT 81
2024-07-09T08:43:59.875Z [INFO   ]: Server running on PORT 81
2024-07-09T08:44:36.840Z [INFO   ]: Server running on PORT 81
2024-07-09T08:46:07.267Z [INFO   ]: Server running on PORT 81
2024-07-09T08:50:20.752Z [INFO   ]: Server running on PORT 81
2024-07-09T08:53:53.379Z [INFO   ]: Server running on PORT 81
2024-07-09T08:55:24.041Z [INFO   ]: Server running on PORT 81
2024-07-09T08:56:10.234Z [INFO   ]: Server running on PORT 81
2024-07-09T08:58:55.228Z [INFO   ]: Server running on PORT 81
2024-07-09T08:59:19.575Z [INFO   ]: Server running on PORT 81
2024-07-09T09:00:55.337Z [INFO   ]: Server running on PORT 81
2024-07-09T09:01:53.738Z [INFO   ]: Server running on PORT 81
2024-07-09T09:02:00.569Z [INFO   ]: Server running on PORT 81
2024-07-09T09:12:47.723Z [INFO   ]: Server running on PORT 81
2024-07-09T09:12:56.246Z [INFO   ]: Server running on PORT 81
2024-07-09T09:13:15.180Z [INFO   ]: Server running on PORT 81
2024-07-09T09:13:43.036Z [INFO   ]: Server running on PORT 81
2024-07-09T09:16:49.232Z [INFO   ]: Server running on PORT 81
2024-07-09T09:18:50.979Z [INFO   ]: Server running on PORT 81
2024-07-09T09:20:13.949Z [INFO   ]: Server running on PORT 81
2024-07-09T09:23:33.273Z [INFO   ]: Server running on PORT 81
2024-07-09T09:24:24.607Z [INFO   ]: Server running on PORT 81
2024-07-09T09:24:28.840Z [INFO   ]: Server running on PORT 81
2024-07-09T09:24:36.459Z [INFO   ]: Server running on PORT 81
2024-07-09T09:25:16.895Z [INFO   ]: Server running on PORT 81
2024-07-09T09:25:30.822Z [INFO   ]: Server running on PORT 81
2024-07-09T09:27:34.288Z [INFO   ]: Server running on PORT 81
2024-07-09T09:27:53.525Z [INFO   ]: Server running on PORT 81
2024-07-09T09:28:14.392Z [INFO   ]: Server running on PORT 81
2024-07-09T09:33:19.168Z [INFO   ]: Server running on PORT 81
2024-07-09T13:23:15.290Z [INFO   ]: Server running on PORT 81
2024-07-09T13:41:44.654Z [INFO   ]: Server running on PORT 81
2024-07-09T13:41:46.812Z [INFO   ]: Server running on PORT 81
2024-07-09T13:43:35.330Z [INFO   ]: Server running on PORT 81
2024-07-09T13:44:48.914Z [INFO   ]: Server running on PORT 81
2024-07-09T13:50:25.087Z [INFO   ]: Server running on PORT 81
2024-07-09T13:52:27.035Z [INFO   ]: Server running on PORT 81
2024-07-09T13:53:49.208Z [INFO   ]: Server running on PORT 81
2024-07-09T13:54:32.982Z [INFO   ]: Server running on PORT 81
2024-07-09T13:57:10.151Z [INFO   ]: Server running on PORT 81
2024-07-09T13:57:48.673Z [INFO   ]: Server running on PORT 81
2024-07-09T13:58:22.588Z [INFO   ]: Server running on PORT 81
2024-07-09T13:58:56.244Z [INFO   ]: Server running on PORT 81
2024-07-09T13:59:03.521Z [INFO   ]: Server running on PORT 81
2024-07-09T14:00:15.201Z [INFO   ]: Server running on PORT 81
2024-07-09T14:01:24.015Z [INFO   ]: Server running on PORT 81
2024-07-09T14:03:51.134Z [INFO   ]: Server running on PORT 81
2024-07-09T14:06:05.896Z [INFO   ]: Server running on PORT 81
2024-07-09T14:09:38.301Z [INFO   ]: Server running on PORT 81
2024-07-09T14:10:52.869Z [INFO   ]: Server running on PORT 81
2024-07-09T14:13:03.295Z [INFO   ]: Server running on PORT 81
2024-07-09T14:13:51.182Z [INFO   ]: Server running on PORT 81
2024-07-09T14:14:01.521Z [INFO   ]: Server running on PORT 81
2024-07-09T14:14:12.471Z [INFO   ]: Server running on PORT 81
2024-07-09T14:17:14.064Z [INFO   ]: Server running on PORT 81
2024-07-09T14:18:29.615Z [INFO   ]: Server running on PORT 81
2024-07-09T14:21:57.195Z [INFO   ]: Server running on PORT 81
2024-07-09T14:25:29.653Z [INFO   ]: Server running on PORT 81
2024-07-09T14:25:48.839Z [INFO   ]: Server running on PORT 81
2024-07-09T14:29:01.576Z [INFO   ]: Server running on PORT 81
2024-07-09T14:29:32.493Z [INFO   ]: Server running on PORT 81
2024-07-09T14:33:02.222Z [INFO   ]: Server running on PORT 81
2024-07-09T14:33:04.251Z [INFO   ]: Server running on PORT 81
2024-07-09T14:33:10.422Z [INFO   ]: Server running on PORT 81
2024-07-09T14:33:39.868Z [INFO   ]: Server running on PORT 81
2024-07-09T14:35:34.044Z [INFO   ]: Server running on PORT 81
2024-07-09T14:35:56.223Z [INFO   ]: Server running on PORT 81
2024-07-09T14:36:37.628Z [INFO   ]: Server running on PORT 81
2024-07-09T14:37:14.647Z [INFO   ]: Server running on PORT 81
2024-07-09T14:38:22.373Z [INFO   ]: Server running on PORT 81
2024-07-09T14:38:29.443Z [INFO   ]: Server running on PORT 81
2024-07-09T14:40:06.498Z [INFO   ]: Server running on PORT 81
2024-07-09T14:51:12.627Z [INFO   ]: Server running on PORT 81
2024-07-09T14:58:17.887Z [INFO   ]: Server running on PORT 81
2024-07-09T14:59:50.081Z [INFO   ]: Server running on PORT 81
2024-07-09T15:00:32.613Z [INFO   ]: Server running on PORT 81
2024-07-09T15:00:59.175Z [INFO   ]: Server running on PORT 81
2024-07-09T15:02:57.237Z [INFO   ]: Server running on PORT 81
2024-07-09T15:03:40.027Z [INFO   ]: Server running on PORT 81
2024-07-09T15:17:57.447Z [INFO   ]: Server running on PORT 81
2024-07-09T15:19:15.778Z [INFO   ]: Server running on PORT 81
2024-07-09T15:19:19.245Z [INFO   ]: Server running on PORT 81
2024-07-09T15:36:34.305Z [INFO   ]: Server running on PORT 81
2024-07-09T15:40:55.166Z [INFO   ]: Server running on PORT 81
2024-07-09T15:41:24.053Z [INFO   ]: Server running on PORT 81
2024-07-09T15:42:22.139Z [INFO   ]: Server running on PORT 81
2024-07-09T15:44:13.008Z [INFO   ]: Server running on PORT 81
2024-07-09T15:45:46.417Z [INFO   ]: Server running on PORT 81
2024-07-09T15:50:12.483Z [INFO   ]: Server running on PORT 81
2024-07-09T15:50:15.420Z [INFO   ]: Server running on PORT 81
2024-07-09T15:50:48.752Z [INFO   ]: Server running on PORT 81
2024-07-09T15:53:18.675Z [INFO   ]: Server running on PORT 81
2024-07-09T15:55:24.745Z [INFO   ]: Server running on PORT 81
2024-07-09T16:04:29.008Z [INFO   ]: Server running on PORT 81
2024-07-09T16:05:16.352Z [INFO   ]: Server running on PORT 81
2024-07-09T16:08:38.779Z [INFO   ]: Server running on PORT 81
2024-07-09T16:09:29.515Z [INFO   ]: Server running on PORT 81
2024-07-09T16:11:40.065Z [INFO   ]: Server running on PORT 81
2024-07-09T16:12:03.214Z [INFO   ]: Server running on PORT 81
2024-07-09T16:14:12.718Z [INFO   ]: Server running on PORT 81
2024-07-09T16:14:26.187Z [INFO   ]: Server running on PORT 81
2024-07-09T16:14:51.160Z [INFO   ]: Server running on PORT 81
2024-07-09T16:15:31.813Z [INFO   ]: Server running on PORT 81
2024-07-09T16:15:41.914Z [INFO   ]: Server running on PORT 81
2024-07-09T16:16:02.619Z [INFO   ]: Server running on PORT 81
2024-07-09T16:21:14.751Z [INFO   ]: Server running on PORT 81
2024-07-09T16:24:26.369Z [INFO   ]: Server running on PORT 81
2024-07-09T16:25:05.296Z [INFO   ]: Server running on PORT 81
2024-07-09T16:27:10.562Z [INFO   ]: Server running on PORT 81
2024-07-09T16:27:23.153Z [INFO   ]: Server running on PORT 81
2024-07-09T16:27:32.190Z [INFO   ]: Server running on PORT 81
2024-07-09T16:27:48.108Z [INFO   ]: Server running on PORT 81
2024-07-09T16:28:34.670Z [INFO   ]: Server running on PORT 81
2024-07-09T16:31:12.445Z [INFO   ]: Server running on PORT 81
2024-07-09T16:32:10.242Z [INFO   ]: Server running on PORT 81
2024-07-09T16:32:16.144Z [INFO   ]: Server running on PORT 81
2024-07-09T16:32:43.897Z [INFO   ]: Server running on PORT 81
2024-07-09T16:32:51.111Z [INFO   ]: Server running on PORT 81
2024-07-09T16:34:30.517Z [INFO   ]: Server running on PORT 81
2024-07-09T16:34:37.641Z [INFO   ]: Server running on PORT 81
2024-07-09T16:35:04.589Z [INFO   ]: Server running on PORT 81
2024-07-09T16:35:56.310Z [INFO   ]: Server running on PORT 81
2024-07-09T16:36:39.301Z [INFO   ]: Server running on PORT 81
2024-07-09T16:37:00.238Z [INFO   ]: Server running on PORT 81
2024-07-09T16:37:35.768Z [INFO   ]: Server running on PORT 81
2024-07-09T16:41:53.320Z [INFO   ]: Server running on PORT 81
2024-07-09T16:43:41.133Z [INFO   ]: Server running on PORT 81
2024-07-09T16:44:10.553Z [INFO   ]: Server running on PORT 81
2024-07-09T16:44:26.433Z [INFO   ]: Server running on PORT 81
2024-07-09T16:45:32.944Z [INFO   ]: Server running on PORT 81
2024-07-09T16:46:02.539Z [INFO   ]: Server running on PORT 81
2024-07-09T16:46:59.323Z [INFO   ]: Server running on PORT 81
2024-07-09T16:49:33.498Z [INFO   ]: Server running on PORT 81
2024-07-09T16:50:30.839Z [INFO   ]: Server running on PORT 81
2024-07-09T16:50:41.360Z [INFO   ]: Server running on PORT 81
2024-07-09T16:50:56.490Z [INFO   ]: Server running on PORT 81
2024-07-09T16:53:45.175Z [INFO   ]: Server running on PORT 81
2024-07-09T16:54:22.634Z [INFO   ]: Server running on PORT 81
2024-07-09T16:59:32.333Z [INFO   ]: Server running on PORT 81
2024-07-10T03:55:09.319Z [INFO   ]: Server running on PORT 81
2024-07-10T06:44:30.631Z [INFO   ]: Server running on PORT 81
2024-07-10T06:44:38.504Z [INFO   ]: Server running on PORT 81
2024-07-10T06:45:00.100Z [INFO   ]: Server running on PORT 81
2024-07-10T06:46:31.131Z [INFO   ]: Server running on PORT 81
2024-07-10T06:46:57.499Z [INFO   ]: Server running on PORT 81
2024-07-10T06:47:06.276Z [INFO   ]: Server running on PORT 81
2024-07-10T06:47:14.942Z [INFO   ]: Server running on PORT 81
2024-07-10T06:50:50.383Z [INFO   ]: Server running on PORT 81
2024-07-10T06:51:00.048Z [INFO   ]: Server running on PORT 81
2024-07-10T06:51:19.249Z [INFO   ]: Server running on PORT 81
2024-07-10T06:52:45.945Z [INFO   ]: Server running on PORT 81
2024-07-10T06:53:08.867Z [INFO   ]: Server running on PORT 81
2024-07-10T07:02:47.440Z [INFO   ]: Server running on PORT 81
2024-07-10T07:03:02.053Z [INFO   ]: Server running on PORT 81
2024-07-10T07:03:52.856Z [INFO   ]: Server running on PORT 81
2024-07-10T07:04:41.380Z [INFO   ]: Server running on PORT 81
2024-07-10T07:05:31.235Z [INFO   ]: Server running on PORT 81
2024-07-10T07:05:59.489Z [INFO   ]: Server running on PORT 81
2024-07-10T07:09:33.318Z [INFO   ]: Server running on PORT 81
2024-07-10T07:10:32.475Z [INFO   ]: Server running on PORT 81
2024-07-10T07:11:04.905Z [INFO   ]: Server running on PORT 81
2024-07-10T14:13:44.283Z [INFO   ]: Server running on PORT 81
2024-07-10T14:17:42.916Z [INFO   ]: Server running on PORT 81
2024-07-10T14:17:55.835Z [INFO   ]: Server running on PORT 81
2024-07-10T15:06:01.055Z [INFO   ]: Server running on PORT 81
2024-07-10T15:06:15.459Z [INFO   ]: Server running on PORT 81
2024-07-10T15:06:48.767Z [INFO   ]: Server running on PORT 81
2024-07-10T15:08:40.463Z [INFO   ]: Server running on PORT 81
2024-07-10T15:26:01.498Z [INFO   ]: Server running on PORT 81
2024-07-10T15:26:04.480Z [INFO   ]: Server running on PORT 81
2024-07-10T15:27:41.823Z [INFO   ]: Server running on PORT 81
2024-07-10T15:28:21.602Z [INFO   ]: Server running on PORT 81
2024-07-10T15:51:34.229Z [INFO   ]: Server running on PORT 81
2024-07-10T15:54:25.073Z [INFO   ]: Server running on PORT 81
2024-07-10T15:54:27.840Z [INFO   ]: Server running on PORT 81
2024-07-10T15:54:32.669Z [INFO   ]: Server running on PORT 81
2024-07-10T15:54:35.405Z [INFO   ]: Server running on PORT 81
2024-07-10T15:54:58.590Z [INFO   ]: Server running on PORT 81
2024-07-10T15:56:38.610Z [INFO   ]: Server running on PORT 81
2024-07-10T15:57:21.982Z [INFO   ]: Server running on PORT 81
2024-07-10T15:58:08.120Z [INFO   ]: Server running on PORT 81
2024-07-10T16:00:21.598Z [INFO   ]: Server running on PORT 81
2024-07-10T16:00:28.153Z [INFO   ]: Server running on PORT 81
2024-07-10T16:00:39.873Z [INFO   ]: Server running on PORT 81
2024-07-10T16:01:56.052Z [INFO   ]: Server running on PORT 81
2024-07-10T16:04:35.366Z [INFO   ]: Server running on PORT 81
2024-07-10T16:05:16.543Z [INFO   ]: Server running on PORT 81
2024-07-10T16:09:16.252Z [INFO   ]: Server running on PORT 81
2024-07-10T16:09:33.857Z [INFO   ]: Server running on PORT 81
2024-07-10T16:10:04.692Z [INFO   ]: Server running on PORT 81
2024-07-10T16:10:52.294Z [INFO   ]: Server running on PORT 81
2024-07-10T16:12:13.378Z [INFO   ]: Server running on PORT 81
2024-07-10T16:18:58.559Z [INFO   ]: Server running on PORT 81
2024-07-10T16:29:28.127Z [INFO   ]: Server running on PORT 81
2024-07-10T16:33:13.625Z [INFO   ]: Server running on PORT 81
2024-07-10T16:34:29.068Z [INFO   ]: Server running on PORT 81
2024-07-10T16:36:43.240Z [INFO   ]: Server running on PORT 81
2024-07-10T16:47:02.953Z [INFO   ]: Server running on PORT 81
2024-07-10T17:08:32.797Z [INFO   ]: Server running on PORT 81
2024-07-10T17:08:57.990Z [INFO   ]: Server running on PORT 81
2024-07-10T17:14:07.729Z [INFO   ]: Server running on PORT 81
2024-07-10T17:14:42.632Z [INFO   ]: Server running on PORT 81
2024-07-10T17:15:13.593Z [INFO   ]: Server running on PORT 81
2024-07-10T17:16:44.532Z [INFO   ]: Server running on PORT 81
2024-07-10T18:24:58.130Z [INFO   ]: Server running on PORT 81
2024-07-11T03:38:55.933Z [INFO   ]: Server running on PORT 81
